Config Setting: 
TARGET: VeRi776
WIDTH: 224
HEIGHT: 224
MODEL: Baseline
TRAINER: BaseTrainer
EVALUATOR: BaseEvaluator
BATCH: 32
INSTANCE: 4
EPOCHS: 260
PRETRAINED: None
RESUME: None
LOGS: training.log
CKPT_DIR: /home/shaohao/Vehicle Re-ID/ckpts/baseline
STEPS: [20, 30, 45, 60, 75, 90, 105, 120, 135, 150, 165, 180, 195, 210, 225, 240, 255]
GAMMA: 0.6
WARMUP_FACTOR: 0.01
WARMUP_ITERS: 10
WARMUP_METHOD: linear
OPTIM: Adam
ALPHA: 1
BETA: 1
RERANKING: False
LR: 0.001
WEIGHT_DECAY: 0.0005
WEIGHT_DECAY_BIAS: 0.0005
BIAS_LR_FACTOR: 1
EVAL_FRE: 5
NAME: configs/baseline.yml
epoch: 1 | lr: 0.00001 
total_loss: 13.62435 
triplet_loss: 7.30053 
id_loss: 6.32382 
Time consumed: 10.2s
Evaluation: 
mAP: 10.3%
RANK-1: 33.1%
RANK-5: 49.8%
RANK-10: 58.9%
epoch: 2 | lr: 0.00001 
total_loss: 10.84374 
triplet_loss: 4.62343 
id_loss: 6.22030 
Time consumed: 5.4s
epoch: 3 | lr: 0.00002 
total_loss: 9.29656 
triplet_loss: 3.21657 
id_loss: 6.07999 
Time consumed: 8.4s
epoch: 4 | lr: 0.00002 
total_loss: 8.30523 
triplet_loss: 2.40562 
id_loss: 5.89960 
Time consumed: 5.2s
epoch: 5 | lr: 0.00002 
total_loss: 7.12527 
triplet_loss: 1.45589 
id_loss: 5.66938 
Time consumed: 5.7s
epoch: 6 | lr: 0.00002 
total_loss: 6.65461 
triplet_loss: 1.25545 
id_loss: 5.39916 
Time consumed: 4.8s
Evaluation: 
mAP: 15.7%
RANK-1: 38.1%
RANK-5: 56.0%
RANK-10: 64.5%
